404 AlQanneh 
404 BusyRich 
404 Chris--- 
404 D-licious 
404 Thepedofile 
404 UkoDragon 
404 XReaper 
404 Yorirou 
404 albertogonzcat 
404 anthony_fassett 
404 antparisi 
404 brettsky 
404 cajetero 
404 computerpunk 
404 crazysim 
404 danielroscaro 
404 dariusc93 
404 designseohosting 
404 destructuring 
404 dkov 
404 dmmoreira 
404 drumsrgr8forn8 
404 dy_dx 
404 earlkent 
404 egeektronic 
404 gkenneally 
404 gobinath_mallaiyan 
404 goldglovecb 
404 gundead222 
404 hangfromthefloor 
404 hundino 
404 iangrunert 
404 iapc 
404 igor_kh 
404 jyavoc 
404 k3mm0tar 
404 kelevrium 
404 lgorence 
404 lucaspoars 
404 meson3902 
404 mfeher 
404 mgamil 
404 mhh91 
404 mike_php_net 
404 mstchiopstchio 
404 natselection 
404 omeichim 
404 oppick 
404 ricardotun 
404 sday_atlassian 
404 silasj 
404 slippyd 
404 spgennard 
404 stickypixel 
404 synekjan 
404 topofthehill 
404 vinitcool76 
404 webindustries 
404 webmanio 
404 wemersonsilva 
404 whats-new 
AlexSnet has gone from teams to users
TheKomputerKing has gone from teams to users
ahmadhussain has gone from teams to users
atlassian_tutorial has gone from users to teams
bizworld has gone from teams to users
caioindust has gone from teams to users
cedwardsmedia has gone from teams to users
drewwalton19216801 has gone from teams to users
esr has gone from users to teams
graveviolin has gone from teams to users
greenhopper has gone from users to teams
hit has gone from users to teams
hostedops has gone from users to teams
mark_owen has gone from teams to users
misterlazy has gone from users to teams
mmdm has gone from teams to users
msiem has gone from teams to users
nbubna has gone from teams to users
scw has gone from users to teams
sparktree has gone from teams to users
technicise has gone from teams to users
ulalume has gone from users to teams
webdevelopmentmontreal has gone from teams to users
webfacer has gone from teams to users
